1679002946441	geckodriver	INFO	Listening on 127.0.0.1:63716
1679002949500	mozrunner::runner	INFO	Running command: "C:\\Program Files\\Mozilla Firefox\\firefox.exe" "--marionette" "--remote-debugging-port" "63717" "--remote-allow-hosts" "localhost" "-no-remote" "-profile" "C:\\Users\\alexb\\AppData\\Local\\Temp\\rust_mozprofileblDxvk"
1679002949755	Marionette	INFO	Marionette enabled
1679002949759	Marionette	INFO	Listening on port 63726
WebDriver BiDi listening on ws://127.0.0.1:63717
Read port: 63726
1679002949965	RemoteAgent	WARN	TLS certificate errors will be ignored for this session
console.warn: SearchSettings: "get: No settings file exists, new profile?" (new NotFoundError("Could not open the file at C:\\Users\\alexb\\AppData\\Local\\Temp\\rust_mozprofileblDxvk\\search.json.mozlz4", (void 0)))
DevTools listening on ws://127.0.0.1:63717/devtools/browser/9ee9e8b8-69b2-4479-b1d1-8b72a5af1a51
console.warn: LoginRecipes: "Falling back to a synchronous message for: https://consent.google.com."
JavaScript warning: https://www.google.com/maps/_/js/k=maps.m.es.lhKEeohj2l4.2019.O/m=sc2,per,mo,lp,ti,ds,stx,bom,b/am=BsgEBA/rt=j/d=1/rs=ACT90oFH2sbcVjQ99DVnWJ1FvkJ7uVHe7A, line 1416: WEBGL_debug_renderer_info is deprecated in Firefox and will be removed. Please use RENDERER.
JavaScript warning: , line 0: WebGL warning: texSubImage: Texture has not been initialized prior to a partial upload, forcing the browser to clear it. This may be slow.
JavaScript warning: , line 0: WebGL warning: texSubImage: Tex image TEXTURE_2D level 0 is incurring lazy initialization.
JavaScript warning: , line 0: WebGL warning: texSubImage: Texture has not been initialized prior to a partial upload, forcing the browser to clear it. This may be slow.
JavaScript warning: , line 0: WebGL warning: texSubImage: Tex image TEXTURE_2D level 0 is incurring lazy initialization.
JavaScript warning: , line 0: WebGL warning: texSubImage: Texture has not been initialized prior to a partial upload, forcing the browser to clear it. This may be slow.
JavaScript warning: , line 0: WebGL warning: texSubImage: Tex image TEXTURE_2D level 0 is incurring lazy initialization.
JavaScript warning: , line 0: WebGL warning: texSubImage: Texture has not been initialized prior to a partial upload, forcing the browser to clear it. This may be slow.
JavaScript warning: , line 0: WebGL warning: texSubImage: Tex image TEXTURE_2D level 0 is incurring lazy initialization.
JavaScript warning: , line 0: WebGL warning: texSubImage: Alpha-premult and y-flip are deprecated for non-DOM-Element uploads.
JavaScript warning: , line 0: WebGL warning: texSubImage: Alpha-premult and y-flip are deprecated for non-DOM-Element uploads.
JavaScript warning: , line 0: WebGL warning: texSubImage: Alpha-premult and y-flip are deprecated for non-DOM-Element uploads.
JavaScript warning: , line 0: WebGL warning: texSubImage: Texture has not been initialized prior to a partial upload, forcing the browser to clear it. This may be slow.
JavaScript warning: , line 0: WebGL warning: texSubImage: Tex image TEXTURE_2D level 0 is incurring lazy initialization.
JavaScript warning: , line 0: WebGL warning: texSubImage: Alpha-premult and y-flip are deprecated for non-DOM-Element uploads.
JavaScript warning: , line 0: WebGL warning: texSubImage: Alpha-premult and y-flip are deprecated for non-DOM-Element uploads.
JavaScript warning: , line 0: WebGL warning: texSubImage: Alpha-premult and y-flip are deprecated for non-DOM-Element uploads.
JavaScript warning: , line 0: WebGL warning: texSubImage: Alpha-premult and y-flip are deprecated for non-DOM-Element uploads.
JavaScript warning: , line 0: WebGL warning: texSubImage: Alpha-premult and y-flip are deprecated for non-DOM-Element uploads.
JavaScript warning: , line 0: WebGL warning: texSubImage: Alpha-premult and y-flip are deprecated for non-DOM-Element uploads.
JavaScript warning: , line 0: WebGL warning: texSubImage: Alpha-premult and y-flip are deprecated for non-DOM-Element uploads.
JavaScript warning: , line 0: WebGL warning: texSubImage: Alpha-premult and y-flip are deprecated for non-DOM-Element uploads.
JavaScript warning: , line 0: WebGL warning: texSubImage: Alpha-premult and y-flip are deprecated for non-DOM-Element uploads.
JavaScript warning: , line 0: WebGL warning: texSubImage: Alpha-premult and y-flip are deprecated for non-DOM-Element uploads.
JavaScript warning: , line 0: WebGL warning: texSubImage: Alpha-premult and y-flip are deprecated for non-DOM-Element uploads.
JavaScript warning: , line 0: WebGL warning: texSubImage: Alpha-premult and y-flip are deprecated for non-DOM-Element uploads.
JavaScript warning: , line 0: WebGL warning: texSubImage: Alpha-premult and y-flip are deprecated for non-DOM-Element uploads.
JavaScript warning: , line 0: WebGL warning: texSubImage: Alpha-premult and y-flip are deprecated for non-DOM-Element uploads.
JavaScript warning: , line 0: WebGL warning: texSubImage: Alpha-premult and y-flip are deprecated for non-DOM-Element uploads.
JavaScript warning: , line 0: WebGL warning: texSubImage: Alpha-premult and y-flip are deprecated for non-DOM-Element uploads.
JavaScript warning: , line 0: WebGL warning: texSubImage: Alpha-premult and y-flip are deprecated for non-DOM-Element uploads.
JavaScript warning: , line 0: WebGL warning: texSubImage: Alpha-premult and y-flip are deprecated for non-DOM-Element uploads.
JavaScript warning: , line 0: WebGL warning: texSubImage: Alpha-premult and y-flip are deprecated for non-DOM-Element uploads.
JavaScript warning: , line 0: After reporting 32, no further warnings will be reported for this WebGL context.
1679003070028	Marionette	WARN	TimedPromise timed out after 500 ms: stacktrace:
TimedPromise/<@chrome://remote/content/marionette/sync.js:236:24
TimedPromise@chrome://remote/content/marionette/sync.js:221:10
interaction.flushEventLoop@chrome://remote/content/marionette/interaction.js:431:10
webdriverClickElement@chrome://remote/content/marionette/interaction.js:179:31
1679003074293	Marionette	WARN	TimedPromise timed out after 500 ms: stacktrace:
TimedPromise/<@chrome://remote/content/marionette/sync.js:236:24
TimedPromise@chrome://remote/content/marionette/sync.js:221:10
interaction.flushEventLoop@chrome://remote/content/marionette/interaction.js:431:10
webdriverClickElement@chrome://remote/content/marionette/interaction.js:179:31
1679003078609	Marionette	WARN	TimedPromise timed out after 500 ms: stacktrace:
TimedPromise/<@chrome://remote/content/marionette/sync.js:236:24
TimedPromise@chrome://remote/content/marionette/sync.js:221:10
interaction.flushEventLoop@chrome://remote/content/marionette/interaction.js:431:10
webdriverClickElement@chrome://remote/content/marionette/interaction.js:179:31
1679003082931	Marionette	WARN	TimedPromise timed out after 500 ms: stacktrace:
TimedPromise/<@chrome://remote/content/marionette/sync.js:236:24
TimedPromise@chrome://remote/content/marionette/sync.js:221:10
interaction.flushEventLoop@chrome://remote/content/marionette/interaction.js:431:10
webdriverClickElement@chrome://remote/content/marionette/interaction.js:179:31
1679003087234	Marionette	WARN	TimedPromise timed out after 500 ms: stacktrace:
TimedPromise/<@chrome://remote/content/marionette/sync.js:236:24
TimedPromise@chrome://remote/content/marionette/sync.js:221:10
interaction.flushEventLoop@chrome://remote/content/marionette/interaction.js:431:10
webdriverClickElement@chrome://remote/content/marionette/interaction.js:179:31
1679003091532	Marionette	WARN	TimedPromise timed out after 500 ms: stacktrace:
TimedPromise/<@chrome://remote/content/marionette/sync.js:236:24
TimedPromise@chrome://remote/content/marionette/sync.js:221:10
interaction.flushEventLoop@chrome://remote/content/marionette/interaction.js:431:10
webdriverClickElement@chrome://remote/content/marionette/interaction.js:179:31
1679003095813	Marionette	WARN	TimedPromise timed out after 500 ms: stacktrace:
TimedPromise/<@chrome://remote/content/marionette/sync.js:236:24
TimedPromise@chrome://remote/content/marionette/sync.js:221:10
interaction.flushEventLoop@chrome://remote/content/marionette/interaction.js:431:10
webdriverClickElement@chrome://remote/content/marionette/interaction.js:179:31
1679003100132	Marionette	WARN	TimedPromise timed out after 500 ms: stacktrace:
TimedPromise/<@chrome://remote/content/marionette/sync.js:236:24
TimedPromise@chrome://remote/content/marionette/sync.js:221:10
interaction.flushEventLoop@chrome://remote/content/marionette/interaction.js:431:10
webdriverClickElement@chrome://remote/content/marionette/interaction.js:179:31
1679003104473	Marionette	WARN	TimedPromise timed out after 500 ms: stacktrace:
TimedPromise/<@chrome://remote/content/marionette/sync.js:236:24
TimedPromise@chrome://remote/content/marionette/sync.js:221:10
interaction.flushEventLoop@chrome://remote/content/marionette/interaction.js:431:10
webdriverClickElement@chrome://remote/content/marionette/interaction.js:179:31
1679003108755	Marionette	WARN	TimedPromise timed out after 500 ms: stacktrace:
TimedPromise/<@chrome://remote/content/marionette/sync.js:236:24
TimedPromise@chrome://remote/content/marionette/sync.js:221:10
interaction.flushEventLoop@chrome://remote/content/marionette/interaction.js:431:10
webdriverClickElement@chrome://remote/content/marionette/interaction.js:179:31
1679003113047	Marionette	WARN	TimedPromise timed out after 500 ms: stacktrace:
TimedPromise/<@chrome://remote/content/marionette/sync.js:236:24
TimedPromise@chrome://remote/content/marionette/sync.js:221:10
interaction.flushEventLoop@chrome://remote/content/marionette/interaction.js:431:10
webdriverClickElement@chrome://remote/content/marionette/interaction.js:179:31
1679003133184	Marionette	WARN	TimedPromise timed out after 500 ms: stacktrace:
TimedPromise/<@chrome://remote/content/marionette/sync.js:236:24
TimedPromise@chrome://remote/content/marionette/sync.js:221:10
interaction.flushEventLoop@chrome://remote/content/marionette/interaction.js:431:10
webdriverClickElement@chrome://remote/content/marionette/interaction.js:179:31
1679003137498	Marionette	WARN	TimedPromise timed out after 500 ms: stacktrace:
TimedPromise/<@chrome://remote/content/marionette/sync.js:236:24
TimedPromise@chrome://remote/content/marionette/sync.js:221:10
interaction.flushEventLoop@chrome://remote/content/marionette/interaction.js:431:10
webdriverClickElement@chrome://remote/content/marionette/interaction.js:179:31
1679003141830	Marionette	WARN	TimedPromise timed out after 500 ms: stacktrace:
TimedPromise/<@chrome://remote/content/marionette/sync.js:236:24
TimedPromise@chrome://remote/content/marionette/sync.js:221:10
interaction.flushEventLoop@chrome://remote/content/marionette/interaction.js:431:10
webdriverClickElement@chrome://remote/content/marionette/interaction.js:179:31
1679003146138	Marionette	WARN	TimedPromise timed out after 500 ms: stacktrace:
TimedPromise/<@chrome://remote/content/marionette/sync.js:236:24
TimedPromise@chrome://remote/content/marionette/sync.js:221:10
interaction.flushEventLoop@chrome://remote/content/marionette/interaction.js:431:10
webdriverClickElement@chrome://remote/content/marionette/interaction.js:179:31
1679003150447	Marionette	WARN	TimedPromise timed out after 500 ms: stacktrace:
TimedPromise/<@chrome://remote/content/marionette/sync.js:236:24
TimedPromise@chrome://remote/content/marionette/sync.js:221:10
interaction.flushEventLoop@chrome://remote/content/marionette/interaction.js:431:10
webdriverClickElement@chrome://remote/content/marionette/interaction.js:179:31
1679003154772	Marionette	WARN	TimedPromise timed out after 500 ms: stacktrace:
TimedPromise/<@chrome://remote/content/marionette/sync.js:236:24
TimedPromise@chrome://remote/content/marionette/sync.js:221:10
interaction.flushEventLoop@chrome://remote/content/marionette/interaction.js:431:10
webdriverClickElement@chrome://remote/content/marionette/interaction.js:179:31
1679003159056	Marionette	WARN	TimedPromise timed out after 500 ms: stacktrace:
TimedPromise/<@chrome://remote/content/marionette/sync.js:236:24
TimedPromise@chrome://remote/content/marionette/sync.js:221:10
interaction.flushEventLoop@chrome://remote/content/marionette/interaction.js:431:10
webdriverClickElement@chrome://remote/content/marionette/interaction.js:179:31
1679003163371	Marionette	WARN	TimedPromise timed out after 500 ms: stacktrace:
TimedPromise/<@chrome://remote/content/marionette/sync.js:236:24
TimedPromise@chrome://remote/content/marionette/sync.js:221:10
interaction.flushEventLoop@chrome://remote/content/marionette/interaction.js:431:10
webdriverClickElement@chrome://remote/content/marionette/interaction.js:179:31
1679003167698	Marionette	WARN	TimedPromise timed out after 500 ms: stacktrace:
TimedPromise/<@chrome://remote/content/marionette/sync.js:236:24
TimedPromise@chrome://remote/content/marionette/sync.js:221:10
interaction.flushEventLoop@chrome://remote/content/marionette/interaction.js:431:10
webdriverClickElement@chrome://remote/content/marionette/interaction.js:179:31
1679003171982	Marionette	WARN	TimedPromise timed out after 500 ms: stacktrace:
TimedPromise/<@chrome://remote/content/marionette/sync.js:236:24
TimedPromise@chrome://remote/content/marionette/sync.js:221:10
interaction.flushEventLoop@chrome://remote/content/marionette/interaction.js:431:10
webdriverClickElement@chrome://remote/content/marionette/interaction.js:179:31
1679003176279	Marionette	WARN	TimedPromise timed out after 500 ms: stacktrace:
TimedPromise/<@chrome://remote/content/marionette/sync.js:236:24
TimedPromise@chrome://remote/content/marionette/sync.js:221:10
interaction.flushEventLoop@chrome://remote/content/marionette/interaction.js:431:10
webdriverClickElement@chrome://remote/content/marionette/interaction.js:179:31
1679003192060	Marionette	WARN	TimedPromise timed out after 500 ms: stacktrace:
TimedPromise/<@chrome://remote/content/marionette/sync.js:236:24
TimedPromise@chrome://remote/content/marionette/sync.js:221:10
interaction.flushEventLoop@chrome://remote/content/marionette/interaction.js:431:10
webdriverClickElement@chrome://remote/content/marionette/interaction.js:179:31
1679003196352	Marionette	WARN	TimedPromise timed out after 500 ms: stacktrace:
TimedPromise/<@chrome://remote/content/marionette/sync.js:236:24
TimedPromise@chrome://remote/content/marionette/sync.js:221:10
interaction.flushEventLoop@chrome://remote/content/marionette/interaction.js:431:10
webdriverClickElement@chrome://remote/content/marionette/interaction.js:179:31
1679003200622	Marionette	WARN	TimedPromise timed out after 500 ms: stacktrace:
TimedPromise/<@chrome://remote/content/marionette/sync.js:236:24
TimedPromise@chrome://remote/content/marionette/sync.js:221:10
interaction.flushEventLoop@chrome://remote/content/marionette/interaction.js:431:10
webdriverClickElement@chrome://remote/content/marionette/interaction.js:179:31
1679003203391	Marionette	INFO	Stopped listening on port 63726
1679003678202	geckodriver	INFO	Listening on 127.0.0.1:63881
1679003681246	mozrunner::runner	INFO	Running command: "C:\\Program Files\\Mozilla Firefox\\firefox.exe" "--marionette" "--headless" "--remote-debugging-port" "638 ... 2" "--remote-allow-hosts" "localhost" "-no-remote" "-profile" "C:\\Users\\alexb\\AppData\\Local\\Temp\\rust_mozprofilez8asEd"
*** You are running in headless mode.
1679003681592	Marionette	INFO	Marionette enabled
1679003681596	Marionette	INFO	Listening on port 63891
WebDriver BiDi listening on ws://127.0.0.1:63882
Read port: 63891
1679003681802	RemoteAgent	WARN	TLS certificate errors will be ignored for this session
[GFX1-]: RenderCompositorSWGL failed mapping default framebuffer, no dt
console.warn: SearchSettings: "get: No settings file exists, new profile?" (new NotFoundError("Could not open the file at C:\\Users\\alexb\\AppData\\Local\\Temp\\rust_mozprofilez8asEd\\search.json.mozlz4", (void 0)))
DevTools listening on ws://127.0.0.1:63882/devtools/browser/302ec2df-8578-4029-9526-130bbfa3147c
console.warn: LoginRecipes: "Falling back to a synchronous message for: https://consent.google.com."
JavaScript warning: https://www.google.com/maps/_/js/k=maps.m.es.lhKEeohj2l4.2019.O/m=sc2,per,mo,lp,ti,ds,stx,bom,b/am=BsgEBA/rt=j/d=1/rs=ACT90oFH2sbcVjQ99DVnWJ1FvkJ7uVHe7A, line 1416: WEBGL_debug_renderer_info is deprecated in Firefox and will be removed. Please use RENDERER.
JavaScript warning: , line 0: WebGL warning: texSubImage: Texture has not been initialized prior to a partial upload, forcing the browser to clear it. This may be slow.
JavaScript warning: , line 0: WebGL warning: texSubImage: Tex image TEXTURE_2D level 0 is incurring lazy initialization.
JavaScript warning: , line 0: WebGL warning: texSubImage: Texture has not been initialized prior to a partial upload, forcing the browser to clear it. This may be slow.
JavaScript warning: , line 0: WebGL warning: texSubImage: Tex image TEXTURE_2D level 0 is incurring lazy initialization.
JavaScript warning: , line 0: WebGL warning: texSubImage: Texture has not been initialized prior to a partial upload, forcing the browser to clear it. This may be slow.
JavaScript warning: , line 0: WebGL warning: texSubImage: Tex image TEXTURE_2D level 0 is incurring lazy initialization.
JavaScript warning: , line 0: WebGL warning: texSubImage: Texture has not been initialized prior to a partial upload, forcing the browser to clear it. This may be slow.
JavaScript warning: , line 0: WebGL warning: texSubImage: Tex image TEXTURE_2D level 0 is incurring lazy initialization.
JavaScript warning: , line 0: WebGL warning: texSubImage: Alpha-premult and y-flip are deprecated for non-DOM-Element uploads.
JavaScript warning: , line 0: WebGL warning: texSubImage: Alpha-premult and y-flip are deprecated for non-DOM-Element uploads.
JavaScript warning: , line 0: WebGL warning: texSubImage: Alpha-premult and y-flip are deprecated for non-DOM-Element uploads.
JavaScript warning: , line 0: WebGL warning: texSubImage: Alpha-premult and y-flip are deprecated for non-DOM-Element uploads.
JavaScript warning: , line 0: WebGL warning: texSubImage: Alpha-premult and y-flip are deprecated for non-DOM-Element uploads.
JavaScript warning: , line 0: WebGL warning: texSubImage: Texture has not been initialized prior to a partial upload, forcing the browser to clear it. This may be slow.
JavaScript warning: , line 0: WebGL warning: texSubImage: Tex image TEXTURE_2D level 0 is incurring lazy initialization.
JavaScript warning: , line 0: WebGL warning: texSubImage: Alpha-premult and y-flip are deprecated for non-DOM-Element uploads.
JavaScript warning: , line 0: WebGL warning: texSubImage: Alpha-premult and y-flip are deprecated for non-DOM-Element uploads.
JavaScript warning: , line 0: WebGL warning: texSubImage: Alpha-premult and y-flip are deprecated for non-DOM-Element uploads.
JavaScript warning: , line 0: WebGL warning: texSubImage: Alpha-premult and y-flip are deprecated for non-DOM-Element uploads.
JavaScript warning: , line 0: WebGL warning: texSubImage: Alpha-premult and y-flip are deprecated for non-DOM-Element uploads.
JavaScript warning: , line 0: WebGL warning: texSubImage: Alpha-premult and y-flip are deprecated for non-DOM-Element uploads.
JavaScript warning: , line 0: WebGL warning: texSubImage: Alpha-premult and y-flip are deprecated for non-DOM-Element uploads.
JavaScript warning: , line 0: WebGL warning: texSubImage: Alpha-premult and y-flip are deprecated for non-DOM-Element uploads.
JavaScript warning: , line 0: WebGL warning: texSubImage: Alpha-premult and y-flip are deprecated for non-DOM-Element uploads.
JavaScript warning: , line 0: WebGL warning: texSubImage: Alpha-premult and y-flip are deprecated for non-DOM-Element uploads.
JavaScript warning: , line 0: WebGL warning: texSubImage: Alpha-premult and y-flip are deprecated for non-DOM-Element uploads.
JavaScript warning: , line 0: WebGL warning: texSubImage: Alpha-premult and y-flip are deprecated for non-DOM-Element uploads.
JavaScript warning: , line 0: WebGL warning: texSubImage: Alpha-premult and y-flip are deprecated for non-DOM-Element uploads.
JavaScript warning: , line 0: WebGL warning: texSubImage: Alpha-premult and y-flip are deprecated for non-DOM-Element uploads.
JavaScript warning: , line 0: WebGL warning: texSubImage: Alpha-premult and y-flip are deprecated for non-DOM-Element uploads.
JavaScript warning: , line 0: WebGL warning: texSubImage: Alpha-premult and y-flip are deprecated for non-DOM-Element uploads.
JavaScript warning: , line 0: WebGL warning: texSubImage: Alpha-premult and y-flip are deprecated for non-DOM-Element uploads.
JavaScript warning: , line 0: After reporting 32, no further warnings will be reported for this WebGL context.
[GFX1-]: Unrecognized feature ACCELERATED_CANVAS2D
A content process crashed and MOZ_CRASHREPORTER_SHUTDOWN is set, shutting down
1679004110306	Marionette	INFO	Stopped listening on port 63891
[Parent 12384, IPC I/O Parent] WARNING: file /builds/worker/checkouts/gecko/ipc/chromium/src/base/process_util_win.cc:167
1679005218080	geckodriver	INFO	Listening on 127.0.0.1:64300
1679005221182	mozrunner::runner	INFO	Running command: "C:\\Program Files\\Mozilla Firefox\\firefox.exe" "--marionette" "--headless" "--remote-debugging-port" "643 ... 1" "--remote-allow-hosts" "localhost" "-no-remote" "-profile" "C:\\Users\\alexb\\AppData\\Local\\Temp\\rust_mozprofile0smat4"
*** You are running in headless mode.
1679005221450	Marionette	INFO	Marionette enabled
1679005221453	Marionette	INFO	Listening on port 64310
WebDriver BiDi listening on ws://127.0.0.1:64301
Read port: 64310
1679005221631	RemoteAgent	WARN	TLS certificate errors will be ignored for this session
[GFX1-]: RenderCompositorSWGL failed mapping default framebuffer, no dt
console.warn: SearchSettings: "get: No settings file exists, new profile?" (new NotFoundError("Could not open the file at C:\\Users\\alexb\\AppData\\Local\\Temp\\rust_mozprofile0smat4\\search.json.mozlz4", (void 0)))
DevTools listening on ws://127.0.0.1:64301/devtools/browser/c659886b-83cd-4ec4-8764-64e6d7e29fff
console.warn: LoginRecipes: "Falling back to a synchronous message for: https://consent.google.com."
JavaScript warning: https://www.google.com/maps/_/js/k=maps.m.es.lhKEeohj2l4.2019.O/m=sc2,per,mo,lp,ti,ds,stx,bom,b/am=BsAEBA/rt=j/d=1/rs=ACT90oFSagNs3UDKMrPEv_Zfj3XOU95smg, line 1415: WEBGL_debug_renderer_info is deprecated in Firefox and will be removed. Please use RENDERER.
JavaScript warning: , line 0: WebGL warning: texSubImage: Texture has not been initialized prior to a partial upload, forcing the browser to clear it. This may be slow.
JavaScript warning: , line 0: WebGL warning: texSubImage: Tex image TEXTURE_2D level 0 is incurring lazy initialization.
JavaScript warning: , line 0: WebGL warning: texSubImage: Texture has not been initialized prior to a partial upload, forcing the browser to clear it. This may be slow.
JavaScript warning: , line 0: WebGL warning: texSubImage: Tex image TEXTURE_2D level 0 is incurring lazy initialization.
JavaScript warning: , line 0: WebGL warning: texSubImage: Texture has not been initialized prior to a partial upload, forcing the browser to clear it. This may be slow.
JavaScript warning: , line 0: WebGL warning: texSubImage: Tex image TEXTURE_2D level 0 is incurring lazy initialization.
JavaScript warning: , line 0: WebGL warning: texSubImage: Texture has not been initialized prior to a partial upload, forcing the browser to clear it. This may be slow.
JavaScript warning: , line 0: WebGL warning: texSubImage: Tex image TEXTURE_2D level 0 is incurring lazy initialization.
1679005230450	Marionette	INFO	Stopped listening on port 64310
1679005273142	geckodriver	INFO	Listening on 127.0.0.1:64394
1679005276179	mozrunner::runner	INFO	Running command: "C:\\Program Files\\Mozilla Firefox\\firefox.exe" "--marionette" "--headless" "--remote-debugging-port" "643 ... 5" "--remote-allow-hosts" "localhost" "-no-remote" "-profile" "C:\\Users\\alexb\\AppData\\Local\\Temp\\rust_mozprofilejjQjPp"
*** You are running in headless mode.
1679005276423	Marionette	INFO	Marionette enabled
1679005276426	Marionette	INFO	Listening on port 64404
WebDriver BiDi listening on ws://127.0.0.1:64395
Read port: 64404
1679005276598	RemoteAgent	WARN	TLS certificate errors will be ignored for this session
[GFX1-]: RenderCompositorSWGL failed mapping default framebuffer, no dt
console.warn: SearchSettings: "get: No settings file exists, new profile?" (new NotFoundError("Could not open the file at C:\\Users\\alexb\\AppData\\Local\\Temp\\rust_mozprofilejjQjPp\\search.json.mozlz4", (void 0)))
DevTools listening on ws://127.0.0.1:64395/devtools/browser/1dbd5fd2-d19e-4027-897b-fc61b4bb1fcd
console.warn: LoginRecipes: "Falling back to a synchronous message for: https://consent.google.com."
JavaScript warning: https://www.google.com/maps/_/js/k=maps.m.es.lhKEeohj2l4.2019.O/m=sc2,per,mo,lp,ti,ds,stx,bom,b/am=BsgEBA/rt=j/d=1/rs=ACT90oFH2sbcVjQ99DVnWJ1FvkJ7uVHe7A, line 1416: WEBGL_debug_renderer_info is deprecated in Firefox and will be removed. Please use RENDERER.
JavaScript warning: , line 0: WebGL warning: texSubImage: Texture has not been initialized prior to a partial upload, forcing the browser to clear it. This may be slow.
JavaScript warning: , line 0: WebGL warning: texSubImage: Tex image TEXTURE_2D level 0 is incurring lazy initialization.
JavaScript warning: , line 0: WebGL warning: texSubImage: Texture has not been initialized prior to a partial upload, forcing the browser to clear it. This may be slow.
JavaScript warning: , line 0: WebGL warning: texSubImage: Tex image TEXTURE_2D level 0 is incurring lazy initialization.
JavaScript warning: , line 0: WebGL warning: texSubImage: Texture has not been initialized prior to a partial upload, forcing the browser to clear it. This may be slow.
JavaScript warning: , line 0: WebGL warning: texSubImage: Tex image TEXTURE_2D level 0 is incurring lazy initialization.
JavaScript warning: , line 0: WebGL warning: texSubImage: Texture has not been initialized prior to a partial upload, forcing the browser to clear it. This may be slow.
JavaScript warning: , line 0: WebGL warning: texSubImage: Tex image TEXTURE_2D level 0 is incurring lazy initialization.
JavaScript warning: , line 0: WebGL warning: texSubImage: Alpha-premult and y-flip are deprecated for non-DOM-Element uploads.
JavaScript warning: , line 0: WebGL warning: texSubImage: Alpha-premult and y-flip are deprecated for non-DOM-Element uploads.
JavaScript warning: , line 0: WebGL warning: texSubImage: Alpha-premult and y-flip are deprecated for non-DOM-Element uploads.
JavaScript warning: , line 0: WebGL warning: texSubImage: Alpha-premult and y-flip are deprecated for non-DOM-Element uploads.
JavaScript warning: , line 0: WebGL warning: texSubImage: Alpha-premult and y-flip are deprecated for non-DOM-Element uploads.
JavaScript warning: , line 0: WebGL warning: texSubImage: Alpha-premult and y-flip are deprecated for non-DOM-Element uploads.
JavaScript warning: , line 0: WebGL warning: texSubImage: Alpha-premult and y-flip are deprecated for non-DOM-Element uploads.
JavaScript warning: , line 0: WebGL warning: texSubImage: Alpha-premult and y-flip are deprecated for non-DOM-Element uploads.
JavaScript warning: , line 0: WebGL warning: texSubImage: Alpha-premult and y-flip are deprecated for non-DOM-Element uploads.
JavaScript warning: , line 0: WebGL warning: texSubImage: Texture has not been initialized prior to a partial upload, forcing the browser to clear it. This may be slow.
JavaScript warning: , line 0: WebGL warning: texSubImage: Tex image TEXTURE_2D level 0 is incurring lazy initialization.
JavaScript warning: , line 0: WebGL warning: texSubImage: Alpha-premult and y-flip are deprecated for non-DOM-Element uploads.
JavaScript warning: , line 0: WebGL warning: texSubImage: Alpha-premult and y-flip are deprecated for non-DOM-Element uploads.
JavaScript warning: , line 0: WebGL warning: texSubImage: Alpha-premult and y-flip are deprecated for non-DOM-Element uploads.
JavaScript warning: , line 0: WebGL warning: texSubImage: Alpha-premult and y-flip are deprecated for non-DOM-Element uploads.
JavaScript warning: , line 0: WebGL warning: texSubImage: Alpha-premult and y-flip are deprecated for non-DOM-Element uploads.
JavaScript warning: , line 0: WebGL warning: texSubImage: Alpha-premult and y-flip are deprecated for non-DOM-Element uploads.
JavaScript warning: , line 0: WebGL warning: texSubImage: Alpha-premult and y-flip are deprecated for non-DOM-Element uploads.
JavaScript warning: , line 0: WebGL warning: texSubImage: Alpha-premult and y-flip are deprecated for non-DOM-Element uploads.
JavaScript warning: , line 0: WebGL warning: texSubImage: Alpha-premult and y-flip are deprecated for non-DOM-Element uploads.
JavaScript warning: , line 0: WebGL warning: texSubImage: Alpha-premult and y-flip are deprecated for non-DOM-Element uploads.
JavaScript warning: , line 0: WebGL warning: texSubImage: Alpha-premult and y-flip are deprecated for non-DOM-Element uploads.
JavaScript warning: , line 0: WebGL warning: texSubImage: Alpha-premult and y-flip are deprecated for non-DOM-Element uploads.
JavaScript warning: , line 0: WebGL warning: texSubImage: Alpha-premult and y-flip are deprecated for non-DOM-Element uploads.
JavaScript warning: , line 0: After reporting 32, no further warnings will be reported for this WebGL context.
[GFX1-]: Unrecognized feature ACCELERATED_CANVAS2D
1679006584384	Marionette	INFO	Stopped listening on port 64404
1679007179629	geckodriver	INFO	Listening on 127.0.0.1:64739
1679007182710	mozrunner::runner	INFO	Running command: "C:\\Program Files\\Mozilla Firefox\\firefox.exe" "--marionette" "--headless" "--remote-debugging-port" "647 ... 0" "--remote-allow-hosts" "localhost" "-no-remote" "-profile" "C:\\Users\\alexb\\AppData\\Local\\Temp\\rust_mozprofileGAZ8ul"
*** You are running in headless mode.
1679007183003	Marionette	INFO	Marionette enabled
1679007183006	Marionette	INFO	Listening on port 64750
Read port: 64750
WebDriver BiDi listening on ws://127.0.0.1:64740
1679007183092	RemoteAgent	WARN	TLS certificate errors will be ignored for this session
[GFX1-]: RenderCompositorSWGL failed mapping default framebuffer, no dt
console.warn: SearchSettings: "get: No settings file exists, new profile?" (new NotFoundError("Could not open the file at C:\\Users\\alexb\\AppData\\Local\\Temp\\rust_mozprofileGAZ8ul\\search.json.mozlz4", (void 0)))
DevTools listening on ws://127.0.0.1:64740/devtools/browser/c17ed38b-3dc0-4b87-bd3c-a2cd7085a2d2
console.warn: LoginRecipes: "Falling back to a synchronous message for: https://consent.google.com."
JavaScript warning: https://www.google.com/maps/_/js/k=maps.m.es.lhKEeohj2l4.2019.O/m=sc2,per,mo,lp,ti,ds,stx,bom,b/am=BsgEBA/rt=j/d=1/rs=ACT90oFH2sbcVjQ99DVnWJ1FvkJ7uVHe7A, line 1416: WEBGL_debug_renderer_info is deprecated in Firefox and will be removed. Please use RENDERER.
JavaScript warning: , line 0: WebGL warning: texSubImage: Texture has not been initialized prior to a partial upload, forcing the browser to clear it. This may be slow.
JavaScript warning: , line 0: WebGL warning: texSubImage: Tex image TEXTURE_2D level 0 is incurring lazy initialization.
JavaScript warning: , line 0: WebGL warning: texSubImage: Texture has not been initialized prior to a partial upload, forcing the browser to clear it. This may be slow.
JavaScript warning: , line 0: WebGL warning: texSubImage: Tex image TEXTURE_2D level 0 is incurring lazy initialization.
JavaScript warning: , line 0: WebGL warning: texSubImage: Texture has not been initialized prior to a partial upload, forcing the browser to clear it. This may be slow.
JavaScript warning: , line 0: WebGL warning: texSubImage: Tex image TEXTURE_2D level 0 is incurring lazy initialization.
JavaScript warning: , line 0: WebGL warning: texSubImage: Texture has not been initialized prior to a partial upload, forcing the browser to clear it. This may be slow.
JavaScript warning: , line 0: WebGL warning: texSubImage: Tex image TEXTURE_2D level 0 is incurring lazy initialization.
JavaScript warning: , line 0: WebGL warning: texSubImage: Alpha-premult and y-flip are deprecated for non-DOM-Element uploads.
JavaScript warning: , line 0: WebGL warning: texSubImage: Alpha-premult and y-flip are deprecated for non-DOM-Element uploads.
JavaScript warning: , line 0: WebGL warning: texSubImage: Alpha-premult and y-flip are deprecated for non-DOM-Element uploads.
1679007226017	geckodriver	INFO	Listening on 127.0.0.1:64811
1679007229070	mozrunner::runner	INFO	Running command: "C:\\Program Files\\Mozilla Firefox\\firefox.exe" "--marionette" "--headless" "--remote-debugging-port" "648 ... 2" "--remote-allow-hosts" "localhost" "-no-remote" "-profile" "C:\\Users\\alexb\\AppData\\Local\\Temp\\rust_mozprofileRtN1lr"
*** You are running in headless mode.
1679007229321	Marionette	INFO	Marionette enabled
1679007229324	Marionette	INFO	Listening on port 64823
WebDriver BiDi listening on ws://127.0.0.1:64812
Read port: 64823
1679007229502	RemoteAgent	WARN	TLS certificate errors will be ignored for this session
[GFX1-]: RenderCompositorSWGL failed mapping default framebuffer, no dt
console.warn: SearchSettings: "get: No settings file exists, new profile?" (new NotFoundError("Could not open the file at C:\\Users\\alexb\\AppData\\Local\\Temp\\rust_mozprofileRtN1lr\\search.json.mozlz4", (void 0)))
DevTools listening on ws://127.0.0.1:64812/devtools/browser/72766d0a-c3df-4dd0-8893-12e139faa540
console.warn: LoginRecipes: "Falling back to a synchronous message for: https://consent.google.com."
JavaScript warning: https://www.google.com/maps/_/js/k=maps.m.es.lhKEeohj2l4.2019.O/m=sc2,per,mo,lp,ti,ds,stx,bom,b/am=BsgEBA/rt=j/d=1/rs=ACT90oFH2sbcVjQ99DVnWJ1FvkJ7uVHe7A, line 1416: WEBGL_debug_renderer_info is deprecated in Firefox and will be removed. Please use RENDERER.
JavaScript warning: , line 0: WebGL warning: texSubImage: Texture has not been initialized prior to a partial upload, forcing the browser to clear it. This may be slow.
JavaScript warning: , line 0: WebGL warning: texSubImage: Tex image TEXTURE_2D level 0 is incurring lazy initialization.
JavaScript warning: , line 0: WebGL warning: texSubImage: Texture has not been initialized prior to a partial upload, forcing the browser to clear it. This may be slow.
JavaScript warning: , line 0: WebGL warning: texSubImage: Tex image TEXTURE_2D level 0 is incurring lazy initialization.
JavaScript warning: , line 0: WebGL warning: texSubImage: Texture has not been initialized prior to a partial upload, forcing the browser to clear it. This may be slow.
JavaScript warning: , line 0: WebGL warning: texSubImage: Tex image TEXTURE_2D level 0 is incurring lazy initialization.
JavaScript warning: , line 0: WebGL warning: texSubImage: Texture has not been initialized prior to a partial upload, forcing the browser to clear it. This may be slow.
JavaScript warning: , line 0: WebGL warning: texSubImage: Tex image TEXTURE_2D level 0 is incurring lazy initialization.
1679007370613	geckodriver	INFO	Listening on 127.0.0.1:64902
1679007373665	mozrunner::runner	INFO	Running command: "C:\\Program Files\\Mozilla Firefox\\firefox.exe" "--marionette" "--headless" "--remote-debugging-port" "649 ... 3" "--remote-allow-hosts" "localhost" "-no-remote" "-profile" "C:\\Users\\alexb\\AppData\\Local\\Temp\\rust_mozprofile209F6T"
*** You are running in headless mode.
1679007373983	Marionette	INFO	Marionette enabled
1679007373986	Marionette	INFO	Listening on port 64914
Read port: 64914
WebDriver BiDi listening on ws://127.0.0.1:64903
1679007374068	RemoteAgent	WARN	TLS certificate errors will be ignored for this session
[GFX1-]: RenderCompositorSWGL failed mapping default framebuffer, no dt
console.warn: SearchSettings: "get: No settings file exists, new profile?" (new NotFoundError("Could not open the file at C:\\Users\\alexb\\AppData\\Local\\Temp\\rust_mozprofile209F6T\\search.json.mozlz4", (void 0)))
DevTools listening on ws://127.0.0.1:64903/devtools/browser/5825a069-8e67-4620-8596-7978c3b3c0d1
console.warn: LoginRecipes: "Falling back to a synchronous message for: https://consent.google.com."
JavaScript warning: https://www.google.com/maps/_/js/k=maps.m.es.lhKEeohj2l4.2019.O/m=sc2,per,mo,lp,ti,ds,stx,bom,b/am=BsgEBA/rt=j/d=1/rs=ACT90oFH2sbcVjQ99DVnWJ1FvkJ7uVHe7A, line 1416: WEBGL_debug_renderer_info is deprecated in Firefox and will be removed. Please use RENDERER.
JavaScript warning: , line 0: WebGL warning: texSubImage: Texture has not been initialized prior to a partial upload, forcing the browser to clear it. This may be slow.
JavaScript warning: , line 0: WebGL warning: texSubImage: Tex image TEXTURE_2D level 0 is incurring lazy initialization.
JavaScript warning: , line 0: WebGL warning: texSubImage: Texture has not been initialized prior to a partial upload, forcing the browser to clear it. This may be slow.
JavaScript warning: , line 0: WebGL warning: texSubImage: Tex image TEXTURE_2D level 0 is incurring lazy initialization.
JavaScript warning: , line 0: WebGL warning: texSubImage: Texture has not been initialized prior to a partial upload, forcing the browser to clear it. This may be slow.
JavaScript warning: , line 0: WebGL warning: texSubImage: Tex image TEXTURE_2D level 0 is incurring lazy initialization.
JavaScript warning: , line 0: WebGL warning: texSubImage: Texture has not been initialized prior to a partial upload, forcing the browser to clear it. This may be slow.
JavaScript warning: , line 0: WebGL warning: texSubImage: Tex image TEXTURE_2D level 0 is incurring lazy initialization.
